1695322341293:help
1695322351595:quit
1695322518335:add
1695322525340:add 1 2
1695322531050:add 5 8
1695322534886:help
1695322543171:exit
1695324093614:random
1695324559091:help
1695324570762:random
1695324712850:help
1695324719585:script
1695324727556:random
1695325324910:help
1695325331649:give me
1695325336473:give me sport
1695325388329:give me social
1695325442012:exit
1695326490789:GetByType
1695327269428:stacktrace
1695327695654:GetByType
1695327896576:stacktrace
1695328668577:GetByType
1695328674366:quit
1695328716275:GetByType
1695330604455:give me
1695330619444:give me diy
1695330639683:history
1695331633608:give me
1695332328338:component stringcustom
1695358254775:random
1695358267435:give me education
1695358340378:component stringcustom
1695359289435:GetByType
1695360191062:stacktrace
1695360295194:GetByType
1695360302030:stacktrace
1695360452099:GetByType
1695365625140:help
1695365645623:random
1695365672702:give me educated
1695365680203:give me diy
1695365719893:GetByType
1695365767739:help
1695365778177:GetByType
1695370256129:give me
1695371524662:GetByType
1695371562374:GetByType Hello
1695372950632:GetByType
1695373792373:n
1695373797300:GetByType
1695376185221:component single
1695376929918:GetByType
1695380332208:GetByTYpe
1695380337868:GetByType
1695380875046:component single
1695381768692:GetByType
1695383479722:component single
1695387338250:exit
1695387374747:GetByType
1695395608117:give me ed
1695395613314:give me
1695395618911:give me di
1695395624892:di
1695470966168:component single
1695482999876:random
1695483014252:stacktrace
1695483540082:test
1695483545570:test ed
1695483559340:test -y
1695484304481:GetByTyyoe
1695484307861:GetByType
1695484689371:random
1695484726802:GetByType
1695484768318:GetByTYpe
1695484771121:33
1695484779252:GetByType
1695484824150:8
1695484830106:GetByType
1695485951548:test
1695485970232:test education
1695486009566:help
1695486399309:test
1695486603277:component single
1695565115785:GetByType
1695621722924:stacktrace
1695621791029:GetByType
1695621806011:9
1695621949672:GetByType
1695623404013:help
1695623411629:random
1695623419071:GetByType
1695628728968:select-from-list --option
1695628745581:select-from-list Op
1695634370678:random
1695634386377:help
1695634483081:GetByType
1695634619592:stacktrace
1695634960449:GetByType
1695635233307:GetByTyep
1695635236768:GetByType
1695643937537:exit
1695644392895:random
1695644400616:GetByType
1695644622504:Get
1695644629817:GetByType
1695645000714:help
1695645010349:clear
1695645018699:random
1695645023369:exit
1695709284902:random
1695895902056:GetByType
1696228956193:1
1696228960442:random
1696228997867:GetByType
